c:\users\leoh\documents\github\opengl\vs-ogl\ogl-game\ogl-game\x64\release\ogl-game.pch
c:\users\leoh\documents\github\opengl\vs-ogl\ogl-game\ogl-game\x64\release\vc140.pdb
c:\users\leoh\documents\github\opengl\vs-ogl\ogl-game\ogl-game\x64\release\stdafx.obj
c:\users\leoh\documents\github\opengl\vs-ogl\ogl-game\ogl-game\x64\release\staticshader.obj
c:\users\leoh\documents\github\opengl\vs-ogl\ogl-game\ogl-game\x64\release\shaderprogramme.obj
c:\users\leoh\documents\github\opengl\vs-ogl\ogl-game\ogl-game\x64\release\renderer.obj
c:\users\leoh\documents\github\opengl\vs-ogl\ogl-game\ogl-game\x64\release\ogl-game.obj
c:\users\leoh\documents\github\opengl\vs-ogl\ogl-game\ogl-game\x64\release\objloader.obj
c:\users\leoh\documents\github\opengl\vs-ogl\ogl-game\ogl-game\x64\release\math.obj
c:\users\leoh\documents\github\opengl\vs-ogl\ogl-game\ogl-game\x64\release\loader.obj
c:\users\leoh\documents\github\opengl\vs-ogl\ogl-game\ogl-game\x64\release\gamepanel.obj
c:\users\leoh\documents\github\opengl\vs-ogl\ogl-game\ogl-game\x64\release\camera.obj
c:\users\leoh\documents\github\opengl\vs-ogl\ogl-game\x64\release\ogl-game.exe
c:\users\leoh\documents\github\opengl\vs-ogl\ogl-game\x64\release\ogl-game.ipdb
c:\users\leoh\documents\github\opengl\vs-ogl\ogl-game\x64\release\ogl-game.iobj
c:\users\leoh\documents\github\opengl\vs-ogl\ogl-game\x64\release\ogl-game.pdb
c:\users\leoh\documents\github\opengl\vs-ogl\ogl-game\ogl-game\x64\release\ogl-game.tlog\cl.command.1.tlog
c:\users\leoh\documents\github\opengl\vs-ogl\ogl-game\ogl-game\x64\release\ogl-game.tlog\cl.read.1.tlog
c:\users\leoh\documents\github\opengl\vs-ogl\ogl-game\ogl-game\x64\release\ogl-game.tlog\cl.write.1.tlog
c:\users\leoh\documents\github\opengl\vs-ogl\ogl-game\ogl-game\x64\release\ogl-game.tlog\link.command.1.tlog
c:\users\leoh\documents\github\opengl\vs-ogl\ogl-game\ogl-game\x64\release\ogl-game.tlog\link.read.1.tlog
c:\users\leoh\documents\github\opengl\vs-ogl\ogl-game\ogl-game\x64\release\ogl-game.tlog\link.write.1.tlog
